<?xml version="1.0" encoding="UTF-8"?>
<testng-results skipped="0" failed="0" total="1" passed="1">
  <reporter-output>
  </reporter-output>
  <suite name="Default suite" duration-ms="11907" started-at="2018-09-20T11:23:48Z" finished-at="2018-09-20T11:24:00Z">
    <groups>
    </groups>
    <test name="Default test" duration-ms="11907" started-at="2018-09-20T11:23:48Z" finished-at="2018-09-20T11:24:00Z">
      <class name="Framework.AppTest">
        <test-method status="PASS" signature="Test()[pri:0, instance:Framework.AppTest@79be0360]" name="Test" duration-ms="11885" started-at="2018-09-20T16:53:48Z" finished-at="2018-09-20T16:54:00Z">
          <reporter-output>
          </reporter-output>
        </test-method> <!-- Test -->
      </class> <!-- Framework.AppTest -->
    </test> <!-- Default test -->
  </suite> <!-- Default suite -->
</testng-results>
